<?xml version="1.0" encoding="utf-8"?><testsuites name="pytest tests"><testsuite name="pytest" errors="0" failures="0" skipped="0" tests="25" time="2.512" timestamp="2026-08-27T08:51:07.951133+00:00" hostname="agent-env-b526ce5d-9910-49c7-b30f-404c552a28ce"><testcase classname="tests.test_verification_iter2" name="test_search_metacharacters_no_500[(]" time="0.133" /><testcase classname="tests.test_verification_iter2" name="test_search_metacharacters_no_500[[]" time="0.045" /><testcase classname="tests.test_verification_iter2.TestOutOfStock" name="test_trek_air_pump_unavailable" time="0.175" /><testcase classname="tests.test_verification_iter2.TestOutOfStock" name="test_only_trek_is_unavailable" time="0.051" /><testcase classname="tests.test_verification_iter2" name="test_search_metacharacters_no_500[*]" time="0.085" /><testcase classname="tests.test_verification_iter2.TestOutOfStock" name="test_add_out_of_stock_returns_400" time="0.136" /><testcase classname="tests.test_verification_iter2" name="test_search_metacharacters_no_500[+]" time="0.090" /><testcase classname="tests.test_verification_iter2" name="test_search_metacharacters_no_500[\\]" time="0.045" /><testcase classname="tests.test_verification_iter2.TestOutOfStock" name="test_out_of_stock_not_in_best_sellers" time="0.049" /><testcase classname="tests.test_verification_iter2" name="test_search_metacharacters_no_500[?]" time="0.049" /><testcase classname="tests.test_verification_iter2.TestCheckoutAndOrderLookup" name="test_checkout_then_order_lookup" time="0.247" /><testcase classname="tests.test_verification_iter2" name="test_search_metacharacters_no_500[a)b]" time="0.051" /><testcase classname="tests.test_verification_iter2" name="test_search_metacharacters_no_500[^$]" time="0.045" /><testcase classname="tests.test_verification_iter2" name="test_search_metacharacters_no_500[earbuds]" time="0.047" /><testcase classname="tests.test_verification_iter2" name="test_search_earbuds_returns_results" time="0.046" /><testcase classname="tests.test_verification_iter2" name="test_products_search_metacharacters_no_500[(]" time="0.088" /><testcase classname="tests.test_verification_iter2.TestCheckoutAndOrderLookup" name="test_order_lookup_unknown_404" time="0.040" /><testcase classname="tests.test_verification_iter2" name="test_products_search_metacharacters_no_500[[]" time="0.046" /><testcase classname="tests.test_verification_iter2" name="test_categories_returns_five" time="0.279" /><testcase classname="tests.test_verification_iter2" name="test_max_qty_cap_5" time="0.196" /><testcase classname="tests.test_verification_iter2" name="test_contact_rejects_blank[payload0]" time="0.046" /><testcase classname="tests.test_verification_iter2" name="test_contact_rejects_blank[payload1]" time="0.045" /><testcase classname="tests.test_verification_iter2" name="test_contact_rejects_blank[payload2]" time="0.045" /><testcase classname="tests.test_verification_iter2" name="test_contact_valid" time="0.047" /><testcase classname="tests.test_verification_iter2" name="test_zz_cleanup_iter2" time="0.063" /></testsuite></testsuites>