<?xml version="1.0" encoding="utf-8"?><testsuites name="pytest tests"><testsuite name="pytest" errors="0" failures="0" skipped="0" tests="47" time="5.632" timestamp="2026-08-27T08:50:28.274683+00:00" hostname="agent-env-b526ce5d-9910-49c7-b30f-404c552a28ce"><testcase classname="tests.backend_test.TestCatalog" name="test_root" time="0.210" /><testcase classname="tests.backend_test.TestCart" name="test_get_empty_cart" time="0.128" /><testcase classname="tests.backend_test.TestCart" name="test_add_item_and_persist" time="0.194" /><testcase classname="tests.backend_test.TestCatalog" name="test_products_seeded" time="0.063" /><testcase classname="tests.backend_test.TestCatalog" name="test_categories" time="0.058" /><testcase classname="tests.backend_test.TestCart" name="test_same_product_different_variant_separate_lines" time="0.099" /><testcase classname="tests.backend_test.TestCatalog" name="test_filter_category[desk]" time="0.058" /><testcase classname="tests.backend_test.TestCatalog" name="test_filter_category[audio]" time="0.057" /><testcase classname="tests.backend_test.TestCart" name="test_max_qty_cap" time="0.139" /><testcase classname="tests.backend_test.TestCatalog" name="test_filter_category[home]" time="0.059" /><testcase classname="tests.backend_test.TestCatalog" name="test_filter_category[everyday-carry]" time="0.059" /><testcase classname="tests.backend_test.TestCart" name="test_add_invalid_quantity" time="0.668" /><testcase classname="tests.backend_test.TestCatalog" name="test_filter_category[travel]" time="0.470" /><testcase classname="tests.backend_test.TestCatalog" name="test_filter_category_all" time="0.063" /><testcase classname="tests.backend_test.TestCatalog" name="test_filter_best_seller" time="0.063" /><testcase classname="tests.backend_test.TestCatalog" name="test_filter_badge_new_drop" time="0.060" /><testcase classname="tests.backend_test.TestCatalog" name="test_sort_price_asc_desc_name" time="0.188" /><testcase classname="tests.backend_test.TestCart" name="test_add_unknown_product_404" time="0.051" /><testcase classname="tests.backend_test.TestCart" name="test_update_quantity" time="0.284" /><testcase classname="tests.backend_test.TestCatalog" name="test_search_param" time="0.058" /><testcase classname="tests.backend_test.TestCatalog" name="test_limit" time="0.060" /><testcase classname="tests.backend_test.TestCatalog" name="test_product_detail_with_related" time="0.081" /><testcase classname="tests.backend_test.TestCart" name="test_update_unknown_item_404" time="0.097" /><testcase classname="tests.backend_test.TestCatalog" name="test_all_products_have_detail_page" time="0.884" /><testcase classname="tests.backend_test.TestCart" name="test_update_unknown_cart_404" time="0.050" /><testcase classname="tests.backend_test.TestCart" name="test_remove_item" time="0.185" /><testcase classname="tests.backend_test.TestCart" name="test_remove_unknown_cart_404" time="0.050" /><testcase classname="tests.backend_test.TestForms" name="test_newsletter_and_idempotency" time="0.141" /><testcase classname="tests.backend_test.TestForms" name="test_newsletter_invalid_email" time="0.087" /><testcase classname="tests.backend_test.TestForms" name="test_contact_stores" time="0.052" /><testcase classname="tests.backend_test.TestForms" name="test_contact_missing_fields" time="0.045" /><testcase classname="tests.backend_test.TestForms" name="test_contact_empty_strings_rejected" time="0.087" /><testcase classname="tests.backend_test.TestCheckout" name="test_checkout_empty_cart_400" time="0.047" /><testcase classname="tests.backend_test.TestCheckout" name="test_checkout_success_clears_cart" time="0.238" /><testcase classname="tests.backend_test.TestCatalog" name="test_product_404" time="0.060" /><testcase classname="tests.backend_test.TestSearch" name="test_search_charger" time="0.059" /><testcase classname="tests.backend_test.TestSearch" name="test_search_category_match" time="0.061" /><testcase classname="tests.backend_test.TestCheckout" name="test_checkout_invalid_payload_422" time="0.045" /><testcase classname="tests.backend_test.TestSearch" name="test_search_empty_query" time="0.058" /><testcase classname="tests.backend_test.TestCheckout" name="test_order_lookup_endpoint_exists" time="0.199" /><testcase classname="tests.backend_test.TestSearch" name="test_search_no_match" time="0.057" /><testcase classname="tests.backend_test.TestSearch" name="test_search_max_6" time="0.060" /><testcase classname="tests.backend_test.TestSearch" name="test_search_regex_special_chars_no_500" time="0.332" /><testcase classname="tests.backend_test.TestAssets" name="test_all_product_images_reachable" time="1.644" /><testcase classname="tests.backend_test.TestSearch" name="test_products_search_regex_special_chars_no_500" time="0.178" /><testcase classname="tests.backend_test" name="test_zz_cleanup" time="0.063" /><testcase classname="tests.backend_test.TestAssets" name="test_all_category_images_reachable" time="0.402" /></testsuite></testsuites>