<?xml version="1.0" encoding="utf-8"?><testsuites name="pytest tests"><testsuite name="pytest" errors="0" failures="4" skipped="0" tests="47" time="5.353" timestamp="2026-08-27T05:16:12.915591+00:00" hostname="agent-env-b526ce5d-9910-49c7-b30f-404c552a28ce"><testcase classname="tests.backend_test.TestCatalog" name="test_root" time="0.200" /><testcase classname="tests.backend_test.TestCart" name="test_get_empty_cart" time="0.212" /><testcase classname="tests.backend_test.TestCatalog" name="test_products_seeded" time="0.062" /><testcase classname="tests.backend_test.TestCatalog" name="test_categories" time="0.055" /><testcase classname="tests.backend_test.TestCart" name="test_add_item_and_persist" time="0.159" /><testcase classname="tests.backend_test.TestCatalog" name="test_filter_category[desk]" time="0.057" /><testcase classname="tests.backend_test.TestCart" name="test_same_product_different_variant_separate_lines" time="0.106" /><testcase classname="tests.backend_test.TestCatalog" name="test_filter_category[audio]" time="0.055" /><testcase classname="tests.backend_test.TestCatalog" name="test_filter_category[home]" time="0.059" /><testcase classname="tests.backend_test.TestCart" name="test_max_qty_cap" time="0.143" /><testcase classname="tests.backend_test.TestCatalog" name="test_filter_category[everyday-carry]" time="0.058" /><testcase classname="tests.backend_test.TestCatalog" name="test_filter_category[travel]" time="0.059" /><testcase classname="tests.backend_test.TestCatalog" name="test_filter_category_all" time="0.059" /><testcase classname="tests.backend_test.TestCart" name="test_add_invalid_quantity" time="0.093" /><testcase classname="tests.backend_test.TestCatalog" name="test_filter_best_seller" time="0.083" /><testcase classname="tests.backend_test.TestCart" name="test_add_unknown_product_404" time="0.054" /><testcase classname="tests.backend_test.TestCatalog" name="test_filter_badge_new_drop" time="0.092" /><testcase classname="tests.backend_test.TestCart" name="test_update_quantity" time="0.382" /><testcase classname="tests.backend_test.TestCatalog" name="test_sort_price_asc_desc_name" time="0.188" /><testcase classname="tests.backend_test.TestCatalog" name="test_search_param" time="0.061" /><testcase classname="tests.backend_test.TestCatalog" name="test_limit" time="0.056" /><testcase classname="tests.backend_test.TestCatalog" name="test_product_detail_with_related" time="0.062" /><testcase classname="tests.backend_test.TestCart" name="test_update_unknown_item_404" time="0.151" /><testcase classname="tests.backend_test.TestCatalog" name="test_all_products_have_detail_page" time="0.795" /><testcase classname="tests.backend_test.TestCart" name="test_update_unknown_cart_404" time="0.097" /><testcase classname="tests.backend_test.TestCart" name="test_remove_item" time="0.197" /><testcase classname="tests.backend_test.TestCart" name="test_remove_unknown_cart_404" time="0.053" /><testcase classname="tests.backend_test.TestForms" name="test_newsletter_and_idempotency" time="0.103" /><testcase classname="tests.backend_test.TestForms" name="test_newsletter_invalid_email" time="0.096" /><testcase classname="tests.backend_test.TestForms" name="test_contact_stores" time="0.095" /><testcase classname="tests.backend_test.TestForms" name="test_contact_missing_fields" time="0.047" /><testcase classname="tests.backend_test.TestForms" name="test_contact_empty_strings_rejected" time="0.093"><failure message="AssertionError: empty name/message accepted — missing min_length validation&#10;assert 200 == 422&#10; +  where 200 = &lt;Response [200]&gt;.status_code">E   AssertionError: empty name/message accepted — missing min_length validation
    assert 200 == 422
     +  where 200 = &lt;Response [200]&gt;.status_code</failure></testcase><testcase classname="tests.backend_test.TestCatalog" name="test_product_404" time="0.056" /><testcase classname="tests.backend_test.TestSearch" name="test_search_charger" time="0.056" /><testcase classname="tests.backend_test.TestCheckout" name="test_checkout_empty_cart_400" time="0.088" /><testcase classname="tests.backend_test.TestSearch" name="test_search_category_match" time="0.056" /><testcase classname="tests.backend_test.TestCheckout" name="test_checkout_success_clears_cart" time="0.205" /><testcase classname="tests.backend_test.TestSearch" name="test_search_empty_query" time="0.054" /><testcase classname="tests.backend_test.TestSearch" name="test_search_no_match" time="0.095" /><testcase classname="tests.backend_test.TestSearch" name="test_search_max_6" time="0.058" /><testcase classname="tests.backend_test.TestCheckout" name="test_checkout_invalid_payload_422" time="0.050" /><testcase classname="tests.backend_test.TestSearch" name="test_search_regex_special_chars_no_500" time="0.057"><failure message="AssertionError: 500 on q='(': Internal Server Error&#10;assert 500 &lt; 500&#10; +  where 500 = &lt;Response [500]&gt;.status_code">E   AssertionError: 500 on q='(': Internal Server Error
    assert 500 &lt; 500
     +  where 500 = &lt;Response [500]&gt;.status_code</failure></testcase><testcase classname="tests.backend_test.TestCheckout" name="test_order_lookup_endpoint_exists" time="0.204"><failure message="AssertionError: no GET /api/orders/{order_no} — confirmation page breaks on refresh&#10;assert 404 == 200&#10; +  where 404 = &lt;Response [404]&gt;.status_code">E   AssertionError: no GET /api/orders/{order_no} — confirmation page breaks on refresh
    assert 404 == 200
     +  where 404 = &lt;Response [404]&gt;.status_code</failure></testcase><testcase classname="tests.backend_test.TestSearch" name="test_products_search_regex_special_chars_no_500" time="0.055"><failure message="AssertionError: 500 on search='(': Internal Server Error&#10;assert 500 &lt; 500&#10; +  where 500 = &lt;Response [500]&gt;.status_code">E   AssertionError: 500 on search='(': Internal Server Error
    assert 500 &lt; 500
     +  where 500 = &lt;Response [500]&gt;.status_code</failure></testcase><testcase classname="tests.backend_test" name="test_zz_cleanup" time="0.238" /><testcase classname="tests.backend_test.TestAssets" name="test_all_product_images_reachable" time="1.645" /><testcase classname="tests.backend_test.TestAssets" name="test_all_category_images_reachable" time="0.406" /></testsuite></testsuites>